d:\framework\000_portpolio_framework\dx11framework\x64\debug\keyboard.obj
d:\framework\000_portpolio_framework\dx11framework\x64\debug\time.obj
d:\framework\000_portpolio_framework\dx11framework\x64\debug\math.obj
d:\framework\000_portpolio_framework\dx11framework\x64\debug\depthstencilstate.obj
d:\framework\000_portpolio_framework\dx11framework\x64\debug\rendertarget.obj
d:\framework\000_portpolio_framework\dx11framework\x64\debug\camera.obj
d:\framework\000_portpolio_framework\dx11framework\x64\debug\perspective.obj
d:\framework\000_portpolio_framework\dx11framework\x64\debug\modeleditor.obj
d:\framework\000_portpolio_framework\dx11framework\x64\debug\modelkeyframe.obj
d:\framework\000_portpolio_framework\dx11framework\x64\debug\modelreader.obj
d:\framework\000_portpolio_framework\dx11framework\x64\debug\program.obj
d:\framework\000_portpolio_framework\dx11framework\x64\debug\apiwindow.obj
d:\framework\000_portpolio_framework\dx11framework\x64\debug\binaryfile.obj
d:\framework\000_portpolio_framework\dx11framework\x64\debug\string.obj
d:\framework\000_portpolio_framework\dx11framework\x64\debug\rasterizerstate.obj
d:\framework\000_portpolio_framework\dx11framework\x64\debug\shader.obj
d:\framework\000_portpolio_framework\dx11framework\x64\debug\freedom.obj
d:\framework\000_portpolio_framework\dx11framework\x64\debug\viewport.obj
d:\framework\000_portpolio_framework\dx11framework\x64\debug\fbxexporter.obj
d:\framework\000_portpolio_framework\dx11framework\x64\debug\modelmesh.obj
d:\framework\000_portpolio_framework\dx11framework\x64\debug\gameanimmodel.obj
d:\framework\000_portpolio_framework\dx11framework\x64\debug\mainprocedure.obj
d:\framework\000_portpolio_framework\dx11framework\x64\debug\d3d.obj
d:\framework\000_portpolio_framework\dx11framework\x64\debug\mouse.obj
d:\framework\000_portpolio_framework\dx11framework\x64\debug\path.obj
d:\framework\000_portpolio_framework\dx11framework\x64\debug\material.obj
d:\framework\000_portpolio_framework\dx11framework\x64\debug\samplerstate.obj
d:\framework\000_portpolio_framework\dx11framework\x64\debug\fixity.obj
d:\framework\000_portpolio_framework\dx11framework\x64\debug\shadow.obj
d:\framework\000_portpolio_framework\dx11framework\x64\debug\utility.obj
d:\framework\000_portpolio_framework\dx11framework\x64\debug\modelclip.obj
d:\framework\000_portpolio_framework\dx11framework\x64\debug\modeltweener.obj
d:\framework\000_portpolio_framework\dx11framework\x64\debug\gamerender.obj
d:\framework\000_portpolio_framework\dx11framework\x64\debug\directxwrite.obj
d:\framework\000_portpolio_framework\dx11framework\x64\debug\json.obj
d:\framework\000_portpolio_framework\dx11framework\x64\debug\xml.obj
d:\framework\000_portpolio_framework\dx11framework\x64\debug\blendstate.obj
d:\framework\000_portpolio_framework\dx11framework\x64\debug\render2d.obj
d:\framework\000_portpolio_framework\dx11framework\x64\debug\texture.obj
d:\framework\000_portpolio_framework\dx11framework\x64\debug\frustum.obj
d:\framework\000_portpolio_framework\dx11framework\x64\debug\export.obj
d:\framework\000_portpolio_framework\dx11framework\x64\debug\model.obj
d:\framework\000_portpolio_framework\dx11framework\x64\debug\modelmeshpart.obj
d:\framework\000_portpolio_framework\dx11framework\x64\debug\gamemodel.obj
d:\framework\000_portpolio_framework\dx11framework\x64\debug\vc140.pdb
d:\framework\000_portpolio_framework\dx11framework\x64\debug\shaderstruct.obj
d:\framework\000_portpolio_framework\dx11framework\x64\debug\cbuffer.obj
d:\framework\000_portpolio_framework\dx11framework\x64\debug\context.obj
d:\framework\000_portpolio_framework\dx11framework\x64\debug\vc140.idb
d:\framework\000_portpolio_framework\dx11framework\x64\debug\modelcomponents.obj
d:\framework\000_portpolio_framework\dx11framework\x64\debug\dx11framework.ilk
d:\framework\000_portpolio_framework\dx11framework\x64\debug\dx11framework.exe
d:\framework\000_portpolio_framework\dx11framework\x64\debug\dx11framework.pdb
d:\framework\000_portpolio_framework\dx11framework\x64\debug\d3d.obj.enc
d:\framework\000_portpolio_framework\dx11framework\x64\debug\dx11framework.tlog\cl.command.1.tlog
d:\framework\000_portpolio_framework\dx11framework\x64\debug\dx11framework.tlog\cl.read.1.tlog
d:\framework\000_portpolio_framework\dx11framework\x64\debug\dx11framework.tlog\cl.write.1.tlog
d:\framework\000_portpolio_framework\dx11framework\x64\debug\dx11framework.tlog\link.command.1.tlog
d:\framework\000_portpolio_framework\dx11framework\x64\debug\dx11framework.tlog\link.read.1.tlog
d:\framework\000_portpolio_framework\dx11framework\x64\debug\dx11framework.tlog\link.write.1.tlog
